Thread 1: a a a a a a a a a a
Thread 1: b b b b b b b b b b
Thread 1: c c c c c c c c c c
Thread 1: d d d d d d d d d d
Thread 1: e e e e e e e e e e
Thread 1: f f f f f f f f f f
Thread 1: g g g g g g g g g g
Thread 1: h h h h h h h h h h
Thread 1: i i i i i i i i i i
Thread 1: j j j j j j j j j j
Thread 1: k k k k k k k k k k
Thread 1: l l l l l l l l l l
Thread 1: m m m m m m m m m m
Thread 1: n n n n n n n n n n
Thread 1: o o o o o o o o o o
Thread 1: p p p p p p p p p p
Thread 1: q q q q q q q q q q
Thread 1: r r r r r r r r r r
Thread 1: s s s s s s s s s s
Thread 1: t t t t t t t t t t
Thread 1: u u u u u u u u u u
Thread 1: v v v v v v v v v v
Thread 1: w w w w w w w w w w
Thread 1: x x x x x x x x x x
Thread 1: y y y y y y y y y y
Thread 1: z z z z z z z z z z
Thread 1: aa aa aa aa aa aa aa aa aa aa
Thread 1: ab ab ab ab ab ab ab ab ab ab
Thread 1: ac ac ac ac ac ac ac ac ac ac
Thread 1: ad ad ad ad ad ad ad ad ad ad
Thread 1: ae ae ae ae ae ae ae ae ae ae
Thread 1: af af af af af af af af af af
Thread 1: ag ag ag ag ag ag ag ag ag ag
Thread 1: ah ah ah ah ah ah ah ah ah ah
Thread 1: ai ai ai ai ai ai ai ai ai ai
Thread 1: aj aj aj aj aj aj aj aj aj aj
Thread 1: ak ak ak ak ak ak ak ak ak ak
Thread 1: al al al al al al al al al al
Thread 1: am am am am am am am am am am
Thread 1: an an an an an an an an an an
Thread 1: ao ao ao ao ao ao ao ao ao ao
Thread 1: ap ap ap ap ap ap ap ap ap ap
Thread 1: aq aq aq aq aq aq aq aq aq aq
Thread 1: ar ar ar ar ar ar ar ar ar ar
Thread 1: as as as as as as as as as as
Thread 1: at at at at at at at at at at
Thread 1: au au au au au au au au au au
Thread 1: av av av av av av av av av av
Thread 1: aw aw aw aw aw aw aw aw aw aw
Thread 1: ax ax ax ax ax ax ax ax ax ax
Thread 1: ay ay ay ay ay ay ay ay ay ay
Thread 1: az az az az az az az az az az
Thread 1: ba ba ba ba ba ba ba ba ba ba
Thread 1: bb bb bb bb bb bb bb bb bb bb
Thread 1: bc bc bc bc bc bc bc bc bc bc
Thread 1: bd bd bd bd bd bd bd bd bd bd
Thread 1: be be be be be be be be be be
Thread 1: bf bf bf bf bf bf bf bf bf bf
Thread 1: bg bg bg bg bg bg bg bg bg bg
Thread 1: bh bh bh bh bh bh bh bh bh bh
Thread 1: bi bi bi bi bi bi bi bi bi bi
Thread 1: bj bj bj bj bj bj bj bj bj bj
Thread 1: bk bk bk bk bk bk bk bk bk bk
Thread 1: bl bl bl bl bl bl bl bl bl bl
Thread 1: bm bm bm bm bm bm bm bm bm bm
Thread 1: bn bn bn bn bn bn bn bn bn bn
Thread 1: bo bo bo bo bo bo bo bo bo bo
Thread 1: bp bp bp bp bp bp bp bp bp bp
Thread 1: bq bq bq bq bq bq bq bq bq bq
Thread 1: br br br br br br br br br br
Thread 1: bs bs bs bs bs bs bs bs bs bs
Thread 1: bt bt bt bt bt bt bt bt bt bt
Thread 1: bu bu bu bu bu bu bu bu bu bu
Thread 1: bv bv bv bv bv bv bv bv bv bv
Thread 1: bw bw bw bw bw bw bw bw bw bw
Thread 1: bx bx bx bx bx bx bx bx bx bx
Thread 1: by by by by by by by by by by
Thread 1: bz bz bz bz bz bz bz bz bz bz
Thread 1: ca ca ca ca ca ca ca ca ca ca
Thread 1: cb cb cb cb cb cb cb cb cb cb
Thread 1: cc cc cc cc cc cc cc cc cc cc
Thread 1: cd cd cd cd cd cd cd cd cd cd
Thread 1: ce ce ce ce ce ce ce ce ce ce
Thread 1: cf cf cf cf cf cf cf cf cf cf
Thread 1: cg cg cg cg cg cg cg cg cg cg
Thread 1: ch ch ch ch ch ch ch ch ch ch
Thread 1: ci ci ci ci ci ci ci ci ci ci
Thread 1: cj cj cj cj cj cj cj cj cj cj
Thread 1: ck ck ck ck ck ck ck ck ck ck
Thread 1: cl cl cl cl cl cl cl cl cl cl
Thread 1: cm cm cm cm cm cm cm cm cm cm
Thread 1: cn cn cn cn cn cn cn cn cn cn
Thread 1: co co co co co co co co co co
Thread 1: cp cp cp cp cp cp cp cp cp cp
Thread 1: cq cq cq cq cq cq cq cq cq cq
Thread 1: cr cr cr cr cr cr cr cr cr cr
Thread 1: cs cs cs cs cs cs cs cs cs cs
Thread 1: ct ct ct ct ct ct ct ct ct ct
Thread 1: cu cu cu cu cu cu cu cu cu cu
Thread 1: cv cv cv cv cv cv cv cv cv cv
